Determining if the pthread_create exist failed with the following output:
Change Dir: /home/px4vision/autodrone-openvino/build/CMakeFiles/CMakeTmp

Run Build Command:"/usr/bin/make" "cmTC_c7c9f/fast"
/usr/bin/make -f CMakeFiles/cmTC_c7c9f.dir/build.make CMakeFiles/cmTC_c7c9f.dir/build
make[1]: Entering directory '/home/px4vision/autodrone-openvino/build/CMakeFiles/CMakeTmp'
Building C object CMakeFiles/cmTC_c7c9f.dir/CheckSymbolExists.c.o
/usr/bin/cc    -o CMakeFiles/cmTC_c7c9f.dir/CheckSymbolExists.c.o   -c /home/px4vision/autodrone-openvino/build/CMakeFiles/CMakeTmp/CheckSymbolExists.c
Linking C executable cmTC_c7c9f
/usr/bin/cmake -E cmake_link_script CMakeFiles/cmTC_c7c9f.dir/link.txt --verbose=1
/usr/bin/cc      CMakeFiles/cmTC_c7c9f.dir/CheckSymbolExists.c.o  -o cmTC_c7c9f 
CMakeFiles/cmTC_c7c9f.dir/CheckSymbolExists.c.o: In function `main':
CheckSymbolExists.c:(.text+0x1b): undefined reference to `pthread_create'
collect2: error: ld returned 1 exit status
CMakeFiles/cmTC_c7c9f.dir/build.make:97: recipe for target 'cmTC_c7c9f' failed
make[1]: *** [cmTC_c7c9f] Error 1
make[1]: Leaving directory '/home/px4vision/autodrone-openvino/build/CMakeFiles/CMakeTmp'
Makefile:126: recipe for target 'cmTC_c7c9f/fast' failed
make: *** [cmTC_c7c9f/fast] Error 2

File /home/px4vision/autodrone-openvino/build/CMakeFiles/CMakeTmp/CheckSymbolExists.c:
/* */
#include <pthread.h>

int main(int argc, char** argv)
{
  (void)argv;
#ifndef pthread_create
  return ((int*)(&pthread_create))[argc];
#else
  (void)argc;
  return 0;
#endif
}

